;  LST file generated by mikroListExporter - v.2.0 
; Date/Time: 26-May-21 9:25:49 AM
;----------------------------------------------

;Address Opcode 	ASM
0x0000	0x0201CB  	LJMP 459
0x0003	0x020000  	LJMP 0
0x0006	0x00      	NOP
0x0007	0x00      	NOP
0x0008	0x00      	NOP
0x0009	0x00      	NOP
0x000A	0x00      	NOP
0x000B	0x020000  	LJMP 0
0x000E	0x00      	NOP
0x000F	0x00      	NOP
0x0010	0x00      	NOP
0x0011	0x00      	NOP
0x0012	0x00      	NOP
0x0013	0x020000  	LJMP 0
0x0016	0x00      	NOP
0x0017	0x00      	NOP
0x0018	0x00      	NOP
0x0019	0x00      	NOP
0x001A	0x00      	NOP
0x001B	0x020000  	LJMP 0
0x001E	0x00      	NOP
0x001F	0x00      	NOP
0x0020	0x00      	NOP
0x0021	0x00      	NOP
0x0022	0x00      	NOP
0x0023	0x020000  	LJMP 0
_Dec2Bcd:
;__Lib_Conversions.c,304 :: 		
;__Lib_Conversions.c,305 :: 		
0x0026	0x751A00  	MOV Dec2Bcd_tmp_L0, #0
;__Lib_Conversions.c,307 :: 		
0x0029	0xD3      	SETB C
0x002A	0xE519    	MOV A, FARG_Dec2Bcd_decnum
0x002C	0x9409    	SUBB A, #9
0x002E	0x4023    	JC L_Dec2Bcd64
;__Lib_Conversions.c,308 :: 		
0x0030	0x75F00A  	MOV B, #10
0x0033	0xE519    	MOV A, FARG_Dec2Bcd_decnum
0x0035	0x84      	DIV AB
0x0036	0xF9      	MOV R1, A
0x0037	0x85011A  	MOV Dec2Bcd_tmp_L0, 1
;__Lib_Conversions.c,309 :: 		
0x003A	0x7804    	MOV R0, #4
0x003C	0xE9      	MOV A, R1
0x003D	0x08      	INC R0
0x003E	0x8002    	SJMP L__Dec2Bcd129
L__Dec2Bcd130:
0x0040	0xC3      	CLR C
0x0041	0x33      	RLC A
L__Dec2Bcd129:
0x0042	0xD8FC    	DJNZ R0, L__Dec2Bcd130
0x0044	0xF51A    	MOV Dec2Bcd_tmp_L0, A
;__Lib_Conversions.c,310 :: 		
0x0046	0x75F00A  	MOV B, #10
0x0049	0xE519    	MOV A, FARG_Dec2Bcd_decnum
0x004B	0x84      	DIV AB
0x004C	0xE5F0    	MOV A, B
0x004E	0xF8      	MOV R0, A
0x004F	0x421A    	ORL Dec2Bcd_tmp_L0, A
;__Lib_Conversions.c,311 :: 		
0x0051	0x8003    	SJMP L_Dec2Bcd65
L_Dec2Bcd64:
;__Lib_Conversions.c,312 :: 		
0x0053	0x85191A  	MOV Dec2Bcd_tmp_L0, FARG_Dec2Bcd_decnum+0
L_Dec2Bcd65:
;__Lib_Conversions.c,313 :: 		
0x0056	0xA81A    	MOV R0, Dec2Bcd_tmp_L0
;__Lib_Conversions.c,314 :: 		
0x0058	0x22      	RET
; end of _Dec2Bcd
_countSec:
;MyProject.c,2 :: 		void countSec(int count){
;MyProject.c,3 :: 		while (count != 0)
L_countSec0:
0x0059	0xE517    	MOV A, FARG_countSec_count
0x005B	0x4518    	ORL A, FARG_countSec_count+1
0x005D	0x6024    	JZ L_countSec1
;MyProject.c,5 :: 		P1 = Dec2Bcd(count);
0x005F	0x851719  	MOV FARG_Dec2Bcd_decnum, FARG_countSec_count+0
0x0062	0x1126    	ACALL _Dec2Bcd
0x0064	0x850090  	MOV P1, 0
;MyProject.c,6 :: 		delay_ms(1000);
0x0067	0x7D08    	MOV R5, 8
0x0069	0x7E01    	MOV R6, 1
0x006B	0x7FF5    	MOV R7, 245
0x006D	0xDFFE    	DJNZ R7, PC-2
0x006F	0xDEFC    	DJNZ R6, PC-4
0x0071	0xDDFA    	DJNZ R5, PC-6
0x0073	0x00      	NOP
;MyProject.c,7 :: 		count--;
0x0074	0xC3      	CLR C
0x0075	0xE517    	MOV A, FARG_countSec_count
0x0077	0x9401    	SUBB A, #1
0x0079	0xF517    	MOV FARG_countSec_count, A
0x007B	0xE518    	MOV A, FARG_countSec_count+1
0x007D	0x9400    	SUBB A, #0
0x007F	0xF518    	MOV FARG_countSec_count+1, A
;MyProject.c,9 :: 		}
0x0081	0x80D6    	SJMP L_countSec0
L_countSec1:
;MyProject.c,11 :: 		}
0x0083	0x22      	RET
; end of _countSec
_UART1_Write:
;__Lib_UART_Timer1.c,27 :: 		
;__Lib_UART_Timer1.c,28 :: 		
0x0084	0xC299    	CLR SCON.B1
;__Lib_UART_Timer1.c,29 :: 		
0x0086	0x851799  	MOV SBUF, FARG_UART1_Write_data_+0
;__Lib_UART_Timer1.c,30 :: 		
L_UART1_Write0:
0x0089	0x209902  	JB SCON.B1, L_UART1_Write1
;__Lib_UART_Timer1.c,31 :: 		
0x008C	0x80FB    	SJMP L_UART1_Write0
L_UART1_Write1:
;__Lib_UART_Timer1.c,32 :: 		
0x008E	0xC299    	CLR SCON.B1
;__Lib_UART_Timer1.c,33 :: 		
0x0090	0x22      	RET
; end of _UART1_Write
_UART1_Write_Text:
;__Lib_UART_Timer1.c,48 :: 		
;__Lib_UART_Timer1.c,49 :: 		
0x0091	0x751500  	MOV UART1_Write_Text_counter_L0, #0
;__Lib_UART_Timer1.c,50 :: 		
0x0094	0xA814    	MOV R0, FARG_UART1_Write_Text_uart_text
0x0096	0x8616    	MOV UART1_Write_Text_data__L0, @R0
;__Lib_UART_Timer1.c,51 :: 		
L_UART1_Write_Text2:
0x0098	0xE516    	MOV A, UART1_Write_Text_data__L0
0x009A	0x6010    	JZ L_UART1_Write_Text3
;__Lib_UART_Timer1.c,52 :: 		
0x009C	0x851617  	MOV FARG_UART1_Write_data_, UART1_Write_Text_data__L0+0
0x009F	0x1184    	ACALL _UART1_Write
;__Lib_UART_Timer1.c,53 :: 		
0x00A1	0x0515    	INC UART1_Write_Text_counter_L0
;__Lib_UART_Timer1.c,54 :: 		
0x00A3	0xE514    	MOV A, FARG_UART1_Write_Text_uart_text
0x00A5	0x2515    	ADD A, UART1_Write_Text_counter_L0
0x00A7	0xF8      	MOV R0, A
0x00A8	0x8616    	MOV UART1_Write_Text_data__L0, @R0
;__Lib_UART_Timer1.c,55 :: 		
0x00AA	0x80EC    	SJMP L_UART1_Write_Text2
L_UART1_Write_Text3:
;__Lib_UART_Timer1.c,56 :: 		
0x00AC	0x22      	RET
; end of _UART1_Write_Text
_UART1_Read:
;__Lib_UART_Timer1.c,39 :: 		
;__Lib_UART_Timer1.c,40 :: 		
0x00AD	0xC298    	CLR SCON.B0
;__Lib_UART_Timer1.c,41 :: 		
0x00AF	0xA899    	MOV R0, SBUF
;__Lib_UART_Timer1.c,42 :: 		
0x00B1	0x22      	RET
; end of _UART1_Read
_setGreen:
;MyProject.c,45 :: 		void setGreen(){
;MyProject.c,46 :: 		while (1)
L_setGreen6:
;MyProject.c,48 :: 		P2.B0 = 0;
0x00B2	0xC2A0    	CLR P2.B0
;MyProject.c,49 :: 		P2.B2 = 1;
0x00B4	0xD2A2    	SETB P2.B2
;MyProject.c,50 :: 		countSec(10);
0x00B6	0x75170A  	MOV FARG_countSec_count, #10
0x00B9	0x751800  	MOV FARG_countSec_count+1, #0
0x00BC	0x1159    	ACALL _countSec
;MyProject.c,51 :: 		P2.B2 = 0;
0x00BE	0xC2A2    	CLR P2.B2
;MyProject.c,52 :: 		P2.B1 = 1;
0x00C0	0xD2A1    	SETB P2.B1
;MyProject.c,53 :: 		countSec(10);
0x00C2	0x75170A  	MOV FARG_countSec_count, #10
0x00C5	0x751800  	MOV FARG_countSec_count+1, #0
0x00C8	0x1159    	ACALL _countSec
;MyProject.c,54 :: 		P2.B1 = 0;
0x00CA	0xC2A1    	CLR P2.B1
;MyProject.c,55 :: 		P2.B0 = 1;
0x00CC	0xD2A0    	SETB P2.B0
;MyProject.c,56 :: 		countSec(20);
0x00CE	0x751714  	MOV FARG_countSec_count, #20
0x00D1	0x751800  	MOV FARG_countSec_count+1, #0
0x00D4	0x1159    	ACALL _countSec
;MyProject.c,58 :: 		}
0x00D6	0x80DA    	SJMP L_setGreen6
;MyProject.c,59 :: 		}
0x00D8	0x22      	RET
; end of _setGreen
_setOrange:
;MyProject.c,29 :: 		void setOrange(){
;MyProject.c,30 :: 		while (1)
L_setOrange4:
;MyProject.c,32 :: 		P2.B2 = 0;
0x00D9	0xC2A2    	CLR P2.B2
;MyProject.c,33 :: 		P2.B1 = 1;
0x00DB	0xD2A1    	SETB P2.B1
;MyProject.c,34 :: 		countSec(10);
0x00DD	0x75170A  	MOV FARG_countSec_count, #10
0x00E0	0x751800  	MOV FARG_countSec_count+1, #0
0x00E3	0x1159    	ACALL _countSec
;MyProject.c,35 :: 		P2.B1 = 0;
0x00E5	0xC2A1    	CLR P2.B1
;MyProject.c,36 :: 		P2.B0 = 1;
0x00E7	0xD2A0    	SETB P2.B0
;MyProject.c,37 :: 		countSec(20);
0x00E9	0x751714  	MOV FARG_countSec_count, #20
0x00EC	0x751800  	MOV FARG_countSec_count+1, #0
0x00EF	0x1159    	ACALL _countSec
;MyProject.c,38 :: 		P2.B0 = 0;
0x00F1	0xC2A0    	CLR P2.B0
;MyProject.c,39 :: 		P2.B2 = 1;
0x00F3	0xD2A2    	SETB P2.B2
;MyProject.c,40 :: 		countSec(10);
0x00F5	0x75170A  	MOV FARG_countSec_count, #10
0x00F8	0x751800  	MOV FARG_countSec_count+1, #0
0x00FB	0x1159    	ACALL _countSec
;MyProject.c,42 :: 		}
0x00FD	0x80DA    	SJMP L_setOrange4
;MyProject.c,43 :: 		}
0x00FF	0x22      	RET
; end of _setOrange
_setRed:
;MyProject.c,13 :: 		void setRed(){
;MyProject.c,14 :: 		while (1)
L_setRed2:
;MyProject.c,16 :: 		P2.B1 = 0;
0x0100	0xC2A1    	CLR P2.B1
;MyProject.c,17 :: 		P2.B0 = 1;
0x0102	0xD2A0    	SETB P2.B0
;MyProject.c,18 :: 		countSec(20);
0x0104	0x751714  	MOV FARG_countSec_count, #20
0x0107	0x751800  	MOV FARG_countSec_count+1, #0
0x010A	0x1159    	ACALL _countSec
;MyProject.c,19 :: 		P2.B0 = 0;
0x010C	0xC2A0    	CLR P2.B0
;MyProject.c,20 :: 		P2.B2 = 1;
0x010E	0xD2A2    	SETB P2.B2
;MyProject.c,21 :: 		countSec(10);
0x0110	0x75170A  	MOV FARG_countSec_count, #10
0x0113	0x751800  	MOV FARG_countSec_count+1, #0
0x0116	0x1159    	ACALL _countSec
;MyProject.c,22 :: 		P2.B2 = 0;
0x0118	0xC2A2    	CLR P2.B2
;MyProject.c,23 :: 		P2.B1 = 1;
0x011A	0xD2A1    	SETB P2.B1
;MyProject.c,24 :: 		countSec(10);
0x011C	0x75170A  	MOV FARG_countSec_count, #10
0x011F	0x751800  	MOV FARG_countSec_count+1, #0
0x0122	0x1159    	ACALL _countSec
;MyProject.c,26 :: 		}
0x0124	0x80DA    	SJMP L_setRed2
;MyProject.c,27 :: 		}
0x0126	0x22      	RET
; end of _setRed
_UART1_Data_Ready:
;__Lib_UART_Timer1.c,35 :: 		
;__Lib_UART_Timer1.c,36 :: 		
0x0127	0xA298    	MOV C, SCON.B0
0x0129	0xE4      	CLR A
0x012A	0x33      	RLC A
0x012B	0xF8      	MOV R0, A
;__Lib_UART_Timer1.c,37 :: 		
0x012C	0x22      	RET
; end of _UART1_Data_Ready
_setDisplay:
;MyProject.c,61 :: 		void setDisplay(){
;MyProject.c,63 :: 		color = UART1_READ();
0x012D	0x11AD    	ACALL _UART1_Read
0x012F	0x850013  	MOV setDisplay_color_L0, 0
;MyProject.c,64 :: 		switch (color)
0x0132	0x8013    	SJMP L_setDisplay8
;MyProject.c,66 :: 		case 'r':
L_setDisplay10:
;MyProject.c,67 :: 		setRed();
0x0134	0x3100    	ACALL _setRed
;MyProject.c,68 :: 		break;
0x0136	0x8023    	SJMP L_setDisplay9
;MyProject.c,69 :: 		case 'o':
L_setDisplay11:
;MyProject.c,70 :: 		setOrange();
0x0138	0x11D9    	ACALL _setOrange
;MyProject.c,71 :: 		break;
0x013A	0x801F    	SJMP L_setDisplay9
;MyProject.c,72 :: 		case 'g':
L_setDisplay12:
;MyProject.c,73 :: 		setGreen();
0x013C	0x11B2    	ACALL _setGreen
;MyProject.c,74 :: 		break;
0x013E	0x801B    	SJMP L_setDisplay9
;MyProject.c,75 :: 		default:
L_setDisplay13:
;MyProject.c,76 :: 		UART1_WRITE_TEXT(" \r\n Invalid key! \r\n");
0x0140	0x751430  	MOV FARG_UART1_Write_Text_uart_text, lo_addr(?lstr1_MyProject)
0x0143	0x1191    	ACALL _UART1_Write_Text
;MyProject.c,77 :: 		break;
0x0145	0x8014    	SJMP L_setDisplay9
;MyProject.c,78 :: 		}
L_setDisplay8:
0x0147	0xE513    	MOV A, setDisplay_color_L0
0x0149	0x6472    	XRL A, #114
0x014B	0x60E7    	JZ L_setDisplay10
0x014D	0xE513    	MOV A, setDisplay_color_L0
0x014F	0x646F    	XRL A, #111
0x0151	0x60E5    	JZ L_setDisplay11
0x0153	0xE513    	MOV A, setDisplay_color_L0
0x0155	0x6467    	XRL A, #103
0x0157	0x60E3    	JZ L_setDisplay12
0x0159	0x80E5    	SJMP L_setDisplay13
L_setDisplay9:
;MyProject.c,79 :: 		}
0x015B	0x22      	RET
; end of _setDisplay
___CC2D:
;__Lib_System.c,13 :: 		
;__Lib_System.c,15 :: 		
_CC2D_Loop1:
;__Lib_System.c,16 :: 		
0x015C	0xE4      	CLR A
;__Lib_System.c,17 :: 		
0x015D	0x93      	MOVC A, @A+DPTR
;__Lib_System.c,18 :: 		
0x015E	0xF6      	MOV @R0, A
;__Lib_System.c,19 :: 		
0x015F	0x08      	INC R0
;__Lib_System.c,20 :: 		
0x0160	0xA3      	INC DPTR
;__Lib_System.c,21 :: 		
0x0161	0xD9F9    	DJNZ R1, _CC2D_Loop1
;__Lib_System.c,23 :: 		
0x0163	0x22      	RET
; end of ___CC2D
_UART1_Init:
;__Lib_UART_Timer1.c,15 :: 		
;__Lib_UART_Timer1.c,16 :: 		
0x0164	0x750884  	MOV _UART_Wr_Ptr, lo_addr(_UART1_Write)
0x0167	0x750900  	MOV _UART_Wr_Ptr+1, hi_addr(_UART1_Write)
0x016A	0x750A17  	MOV _UART_Wr_Ptr+2, lo_addr(FARG_UART1_Write_data_)
;__Lib_UART_Timer1.c,17 :: 		
0x016D	0x750EAD  	MOV _UART_Rd_Ptr, lo_addr(_UART1_Read)
0x0170	0x750F00  	MOV _UART_Rd_Ptr+1, hi_addr(_UART1_Read)
0x0173	0x751000  	MOV _UART_Rd_Ptr+2, 0
;__Lib_UART_Timer1.c,18 :: 		
0x0176	0x750B27  	MOV _UART_Rdy_Ptr, lo_addr(_UART1_Data_Ready)
0x0179	0x750C01  	MOV _UART_Rdy_Ptr+1, hi_addr(_UART1_Data_Ready)
0x017C	0x750D00  	MOV _UART_Rdy_Ptr+2, 0
;__Lib_UART_Timer1.c,21 :: 		
0x017F	0x759850  	MOV SCON, #80
;__Lib_UART_Timer1.c,22 :: 		
0x0182	0x758780  	MOV PCON, #128
;__Lib_UART_Timer1.c,23 :: 		
0x0185	0x758840  	MOV TCON, #64
;__Lib_UART_Timer1.c,24 :: 		
0x0188	0x758920  	MOV TMOD, #32
;__Lib_UART_Timer1.c,25 :: 		
0x018B	0x22      	RET
; end of _UART1_Init
_countAndCheck:
;MyProject.c,81 :: 		void countAndCheck(int count){
;MyProject.c,82 :: 		while (count != 0)
L_countAndCheck14:
0x018C	0xE511    	MOV A, FARG_countAndCheck_count
0x018E	0x4512    	ORL A, FARG_countAndCheck_count+1
0x0190	0x602B    	JZ L_countAndCheck15
;MyProject.c,84 :: 		P1 = Dec2Bcd(count);
0x0192	0x851119  	MOV FARG_Dec2Bcd_decnum, FARG_countAndCheck_count+0
0x0195	0x1126    	ACALL _Dec2Bcd
0x0197	0x850090  	MOV P1, 0
;MyProject.c,85 :: 		delay_ms(1000);
0x019A	0x7D08    	MOV R5, 8
0x019C	0x7E01    	MOV R6, 1
0x019E	0x7FF5    	MOV R7, 245
0x01A0	0xDFFE    	DJNZ R7, PC-2
0x01A2	0xDEFC    	DJNZ R6, PC-4
0x01A4	0xDDFA    	DJNZ R5, PC-6
0x01A6	0x00      	NOP
;MyProject.c,86 :: 		count--;
0x01A7	0xC3      	CLR C
0x01A8	0xE511    	MOV A, FARG_countAndCheck_count
0x01AA	0x9401    	SUBB A, #1
0x01AC	0xF511    	MOV FARG_countAndCheck_count, A
0x01AE	0xE512    	MOV A, FARG_countAndCheck_count+1
0x01B0	0x9400    	SUBB A, #0
0x01B2	0xF512    	MOV FARG_countAndCheck_count+1, A
;MyProject.c,88 :: 		if (UART1_DATA_READY())
0x01B4	0x3127    	ACALL _UART1_Data_Ready
0x01B6	0xE8      	MOV A, R0
0x01B7	0x6002    	JZ L_countAndCheck16
;MyProject.c,90 :: 		break;
0x01B9	0x8002    	SJMP L_countAndCheck15
;MyProject.c,91 :: 		}
L_countAndCheck16:
;MyProject.c,93 :: 		}
0x01BB	0x80CF    	SJMP L_countAndCheck14
L_countAndCheck15:
;MyProject.c,95 :: 		if (UART1_DATA_READY())
0x01BD	0x3127    	ACALL _UART1_Data_Ready
0x01BF	0xE8      	MOV A, R0
0x01C0	0x6008    	JZ L_countAndCheck17
;MyProject.c,97 :: 		P2.B0 = 0;
0x01C2	0xC2A0    	CLR P2.B0
;MyProject.c,98 :: 		P2.B1 = 0;
0x01C4	0xC2A1    	CLR P2.B1
;MyProject.c,99 :: 		P2.B2 = 0;
0x01C6	0xC2A2    	CLR P2.B2
;MyProject.c,100 :: 		setDisplay();
0x01C8	0x312D    	ACALL _setDisplay
;MyProject.c,101 :: 		}
L_countAndCheck17:
;MyProject.c,102 :: 		}
0x01CA	0x22      	RET
; end of _countAndCheck
_main:
0x01CB	0x75811B  	MOV SP, #27
0x01CE	0x12026B  	LCALL 619
;MyProject.c,104 :: 		void main() {
;MyProject.c,106 :: 		P1 = 0;
0x01D1	0x759000  	MOV P1, #0
;MyProject.c,107 :: 		P2.B0 = 0;
0x01D4	0xC2A0    	CLR P2.B0
;MyProject.c,108 :: 		P2.B1 = 0;
0x01D6	0xC2A1    	CLR P2.B1
;MyProject.c,109 :: 		P2.B2 = 0;
0x01D8	0xC2A2    	CLR P2.B2
;MyProject.c,111 :: 		UART1_INIT(9600);
0x01DA	0x758DFD  	MOV TH1, #253
0x01DD	0x758BFD  	MOV TL1, #253
0x01E0	0x3164    	ACALL _UART1_Init
;MyProject.c,112 :: 		PCON.SMOD = 0;
0x01E2	0xC3      	CLR C
0x01E3	0xE587    	MOV A, PCON
0x01E5	0x92E7    	MOV #224.B7, C
0x01E7	0xF587    	MOV PCON, A
;MyProject.c,113 :: 		UART1_WRITE_TEXT("System is ready. \r\n ");
0x01E9	0x751444  	MOV FARG_UART1_Write_Text_uart_text, lo_addr(?lstr2_MyProject)
0x01EC	0x1191    	ACALL _UART1_Write_Text
;MyProject.c,114 :: 		UART1_WRITE_TEXT("R RED, ");
0x01EE	0x75146E  	MOV FARG_UART1_Write_Text_uart_text, lo_addr(?lstr3_MyProject)
0x01F1	0x1191    	ACALL _UART1_Write_Text
;MyProject.c,115 :: 		UART1_WRITE_TEXT("O ORANGE, ");
0x01F3	0x751459  	MOV FARG_UART1_Write_Text_uart_text, lo_addr(?lstr4_MyProject)
0x01F6	0x1191    	ACALL _UART1_Write_Text
;MyProject.c,116 :: 		UART1_WRITE_TEXT("G GREEN\r\n");
0x01F8	0x751464  	MOV FARG_UART1_Write_Text_uart_text, lo_addr(?lstr5_MyProject)
0x01FB	0x1191    	ACALL _UART1_Write_Text
;MyProject.c,118 :: 		while (1)
L_main18:
;MyProject.c,120 :: 		P2.B1 = 0;
0x01FD	0xC2A1    	CLR P2.B1
;MyProject.c,121 :: 		P2.B0 = 1;
0x01FF	0xD2A0    	SETB P2.B0
;MyProject.c,122 :: 		countAndCheck(20);
0x0201	0x751114  	MOV FARG_countAndCheck_count, #20
0x0204	0x751200  	MOV FARG_countAndCheck_count+1, #0
0x0207	0x318C    	ACALL _countAndCheck
;MyProject.c,123 :: 		P2.B0 = 0;
0x0209	0xC2A0    	CLR P2.B0
;MyProject.c,124 :: 		P2.B2 = 1;
0x020B	0xD2A2    	SETB P2.B2
;MyProject.c,125 :: 		countAndCheck(10);
0x020D	0x75110A  	MOV FARG_countAndCheck_count, #10
0x0210	0x751200  	MOV FARG_countAndCheck_count+1, #0
0x0213	0x318C    	ACALL _countAndCheck
;MyProject.c,126 :: 		P2.B2 = 0;
0x0215	0xC2A2    	CLR P2.B2
;MyProject.c,127 :: 		P2.B1 = 1;
0x0217	0xD2A1    	SETB P2.B1
;MyProject.c,128 :: 		countAndCheck(10);
0x0219	0x75110A  	MOV FARG_countAndCheck_count, #10
0x021C	0x751200  	MOV FARG_countAndCheck_count+1, #0
0x021F	0x318C    	ACALL _countAndCheck
;MyProject.c,130 :: 		}
0x0221	0x80DA    	SJMP L_main18
;MyProject.c,134 :: 		}
0x0223	0x80FE    	SJMP #254
; end of _main
0x026B	0x7830    	MOV R0, 48
0x026D	0x7946    	MOV R1, 70
0x026F	0x758225  	MOV DP0L, 37
0x0272	0x758302  	MOV DP0H, 2
0x0275	0x12015C  	LCALL 348
0x0278	0x22      	RET
;MyProject.c,0 :: ?ICS?lstr1_MyProject
0x0225	0x200D0A ;?ICS?lstr1_MyProject+0
0x0228	0x20496E ;?ICS?lstr1_MyProject+3
0x022B	0x76616C ;?ICS?lstr1_MyProject+6
0x022E	0x696420 ;?ICS?lstr1_MyProject+9
0x0231	0x6B6579 ;?ICS?lstr1_MyProject+12
0x0234	0x21200D ;?ICS?lstr1_MyProject+15
0x0237	0x0A00 ;?ICS?lstr1_MyProject+18
; end of ?ICS?lstr1_MyProject
;MyProject.c,0 :: ?ICS?lstr2_MyProject
0x0239	0x537973 ;?ICS?lstr2_MyProject+0
0x023C	0x74656D ;?ICS?lstr2_MyProject+3
0x023F	0x206973 ;?ICS?lstr2_MyProject+6
0x0242	0x207265 ;?ICS?lstr2_MyProject+9
0x0245	0x616479 ;?ICS?lstr2_MyProject+12
0x0248	0x2E200D ;?ICS?lstr2_MyProject+15
0x024B	0x0A2000 ;?ICS?lstr2_MyProject+18
; end of ?ICS?lstr2_MyProject
;MyProject.c,0 :: ?ICS?lstr4_MyProject
0x024E	0x4F204F ;?ICS?lstr4_MyProject+0
0x0251	0x52414E ;?ICS?lstr4_MyProject+3
0x0254	0x47452C ;?ICS?lstr4_MyProject+6
0x0257	0x2000 ;?ICS?lstr4_MyProject+9
; end of ?ICS?lstr4_MyProject
;MyProject.c,0 :: ?ICS?lstr5_MyProject
0x0259	0x472047 ;?ICS?lstr5_MyProject+0
0x025C	0x524545 ;?ICS?lstr5_MyProject+3
0x025F	0x4E0D0A ;?ICS?lstr5_MyProject+6
0x0262	0x00 ;?ICS?lstr5_MyProject+9
; end of ?ICS?lstr5_MyProject
;MyProject.c,0 :: ?ICS?lstr3_MyProject
0x0263	0x522052 ;?ICS?lstr3_MyProject+0
0x0266	0x45442C ;?ICS?lstr3_MyProject+3
0x0269	0x2000 ;?ICS?lstr3_MyProject+6
; end of ?ICS?lstr3_MyProject
Symbol List:
//** Routines locations **
//ADDRESS    SIZE    PROCEDURE
//----------------------------------------------
0x0026      [51]    _Dec2Bcd
0x0059      [43]    _countSec
0x0084      [13]    _UART1_Write
0x0091      [28]    _UART1_Write_Text
0x00AD       [5]    _UART1_Read
0x00B2      [39]    _setGreen
0x00D9      [39]    _setOrange
0x0100      [39]    _setRed
0x0127       [6]    _UART1_Data_Ready
0x012D      [47]    _setDisplay
0x015C       [8]    ___CC2D
0x0164      [40]    _UART1_Init
0x018C      [63]    _countAndCheck
0x01CB      [90]    _main
//** Variables locations ** 
//ADDRESS    SIZE    VARIABLE
//----------------------------------------------
0x0000       [1]    R0
0x0001       [1]    R1
0x0002       [1]    R2
0x0003       [1]    R3
0x0004       [1]    R4
0x0005       [1]    R5
0x0006       [1]    R6
0x0007       [1]    R7
0x0008       [3]    _UART_Wr_Ptr
0x000B       [3]    _UART_Rdy_Ptr
0x000E       [3]    _UART_Rd_Ptr
0x0011       [2]    FARG_countAndCheck_count
0x0013       [1]    setDisplay_color_L0
0x0014       [1]    FARG_UART1_Write_Text_uart_text
0x0015       [1]    UART1_Write_Text_counter_L0
0x0016       [1]    UART1_Write_Text_data__L0
0x0017       [1]    FARG_UART1_Write_data_
0x0017       [2]    FARG_countSec_count
0x0019       [1]    FARG_Dec2Bcd_decnum
0x001A       [1]    Dec2Bcd_tmp_L0
0x0030      [20]    ?lstr1_MyProject
0x0044      [21]    ?lstr2_MyProject
0x0059      [11]    ?lstr4_MyProject
0x0064      [10]    ?lstr5_MyProject
0x006E       [8]    ?lstr3_MyProject
0x0081       [1]    SP
0x0082       [1]    DPL
0x0083       [1]    DPH
0x0087       [1]    PCON
0x0088       [1]    TCON
0x0089       [1]    TMOD
0x008B       [1]    TL1
0x008D       [1]    TH1
0x0090       [1]    P1
0x0098       [1]    SCON
0x0099       [1]    SBUF
0x00A0       [1]    P2
0x00D0       [1]    PSW
0x00E0       [1]    ACC
0x00F0       [1]    B
//** Constants locations ** 
//ADDRESS    SIZE    CONSTANT
//----------------------------------------------
0x0225      [20]    ?ICS?lstr1_MyProject
0x0239      [21]    ?ICS?lstr2_MyProject
0x024E      [11]    ?ICS?lstr4_MyProject
0x0259      [10]    ?ICS?lstr5_MyProject
0x0263       [8]    ?ICS?lstr3_MyProject
//** Label List: ** 
//----------------------------------------------
  L_countSec0
  L_countSec1
  L_setRed2
  L_setRed3
  L_setOrange4
  L_setOrange5
  L_setGreen6
  L_setGreen7
  L_setDisplay8
  L_setDisplay9
  L_setDisplay10
  L_setDisplay11
  L_setDisplay12
  L_setDisplay13
  L_countAndCheck14
  L_countAndCheck15
  L_countAndCheck16
  L_countAndCheck17
  L_main18
  L_main19
  _countSec
  _setRed
  _setOrange
  _setGreen
  _setDisplay
  _countAndCheck
  _main
  L_ByteToStr0
  L_ByteToStr1
  L_ByteToStr2
  L_ByteToStr3
  L_ByteToStr4
  L_ByteToStr5
  L_WordToStr6
  L_WordToStr7
  L_WordToStr8
  L_WordToStr9
  L_WordToStr10
  L_WordToStr11
  L_WordToStrWithZeros12
  L_WordToStrWithZeros13
  L_WordToStrWithZeros14
  L_WordToStrWithZeros15
  L_WordToStrWithZeros16
  L_ShortToStr17
  L_ShortToStr18
  L_ShortToStr19
  L_ShortToStr20
  L_ShortToStr21
  L_ShortToStr22
  L_IntToStr23
  L_IntToStr24
  L_IntToStr25
  L_IntToStr26
  L_IntToStr27
  L_IntToStr28
  L_IntToStrWithZeros29
  L_IntToStrWithZeros30
  L_IntToStrWithZeros31
  L_IntToStrWithZeros32
  L_IntToStrWithZeros33
  L_IntToStrWithZeros34
  L_IntToStrWithZeros35
  L_IntToStrWithZeros36
  L_IntToStrWithZeros37
  L_LongWordToStr38
  L_LongWordToStr39
  L_LongWordToStr40
  L_LongWordToStr41
  L_LongWordToStr42
  L_LongWordToStr43
  L_LongWordToStrWithZeros44
  L_LongWordToStrWithZeros45
  L_LongWordToStrWithZeros46
  L_LongWordToStrWithZeros47
  L_LongWordToStrWithZeros48
  L_LongToStr49
  L_LongToStr50
  L_LongToStr51
  L_LongToStr52
  L_LongToStr53
  L_LongToStr54
  L_LongIntToStrWithZeros55
  L_LongIntToStrWithZeros56
  L_LongIntToStrWithZeros57
  L_LongIntToStrWithZeros58
  L_LongIntToStrWithZeros59
  L_LongIntToStrWithZeros60
  L_LongIntToStrWithZeros61
  L_LongIntToStrWithZeros62
  L_LongIntToStrWithZeros63
  L_Dec2Bcd64
  L_Dec2Bcd65
  L_Rtrim66
  L_Rtrim67
  L_Rtrim68
  L_Rtrim69
  L_Ltrim70
  L_Ltrim71
  L_Ltrim72
  L_Ltrim73
  L_Ltrim74
  L_Ltrim75
  L_FloatToStr76
  L_FloatToStr77
  L_FloatToStr78
  L_FloatToStr79
  L_FloatToStr80
  L_FloatToStr81
  L_FloatToStr82
  L_FloatToStr83
  L_FloatToStr84
  L_FloatToStr85
  L_FloatToStr86
  L_FloatToStr87
  L_FloatToStr88
  L_FloatToStr89
  L_FloatToStr90
  L_FloatToStr91
  L_FloatToStr92
  L_FloatToStr93
  L_FloatToStr94
  L_FloatToStr95
  L_FloatToStr96
  L_FloatToStr97
  L__Rtrim98
  L__Ltrim99
  L__FloatToStr100
  _ByteToHex
  L__ByteToHex101
  L__ByteToHex102
  _ShortToHex
  L__ShortToHex103
  L__ShortToHex104
  _WordToHex
  L__WordToHex105
  L__WordToHex106
  L__WordToHex107
  L__WordToHex108
  _IntToHex
  L__IntToHex109
  L__IntToHex110
  L__IntToHex111
  L__IntToHex112
  _LongWordToHex
  L__LongWordToHex113
  L__LongWordToHex114
  L__LongWordToHex115
  L__LongWordToHex116
  L__LongWordToHex117
  L__LongWordToHex118
  L__LongWordToHex119
  L__LongWordToHex120
  _LongIntToHex
  L__LongIntToHex121
  L__LongIntToHex122
  L__LongIntToHex123
  L__LongIntToHex124
  L__LongIntToHex125
  L__LongIntToHex126
  L__LongIntToHex127
  L__LongIntToHex128
  _ByteToStr
  _WordToStr
  _WordToStrWithZeros
  _ShortToStr
  _IntToStr
  _IntToStrWithZeros
  _LongWordToStr
  _LongWordToStrWithZeros
  _LongToStr
  _LongIntToStrWithZeros
  _Dec2Bcd
  L__Dec2Bcd129
  L__Dec2Bcd130
  _Bcd2Dec
  L__Bcd2Dec131
  L__Bcd2Dec132
  _Bcd2Dec16
  L__Bcd2Dec16133
  L__Bcd2Dec16134
  L__Bcd2Dec16135
  L__Bcd2Dec16136
  _Dec2Bcd16
  L__Dec2Bcd16137
  L__Dec2Bcd16138
  L__Dec2Bcd16139
  L__Dec2Bcd16140
  _Rtrim
  _Ltrim
  _FloatToStr
  L__FloatToStr141
  L__FloatToStr142
  L__FloatToStr143
  L__FloatToStr144
  L__FloatToStr145
  L__FloatToStr146
  _CC2D_Loop1
  _CC2PD_Loop1
  _CC2XD_Loop1
  ___DoIFC
  ___CC2D
  ___CC2PD
  ___CC2XD
  L_UART1_Write0
  L_UART1_Write1
  L_UART1_Write_Text2
  L_UART1_Write_Text3
  L_UART1_Read_Text4
  L_UART1_Read_Text5
  L_UART1_Read_Text6
  L_UART1_Read_Text7
  L_UART1_Read_Text8
  L_UART1_Read_Text9
  L_UART1_Read_Text10
  L_UART1_Read_Text11
  L_UART1_Read_Text12
  L_UART_Write_Text13
  L_UART_Write_Text14
  L_UART_Read_Text15
  L_UART_Read_Text16
  L_UART_Read_Text17
  L_UART_Read_Text18
  L_UART_Read_Text19
  L_UART_Read_Text20
  L_UART_Read_Text21
  L_UART_Read_Text22
  L_UART_Read_Text23
  _UART1_Init
  _UART1_Write
  _UART1_Data_Ready
  _UART1_Read
  _UART1_Write_Text
  _UART1_Read_Text
  _UART_Set_Active
  _UART_Write
  _UART_Write_Text
  _UART_Read
  _UART_Data_Ready
  _UART_Read_Text
